{"/Users/Tony/Documents/CodeFellows/301/data-structures-and-algorithms/arrayBinarySearch/array-binary-search.js": {"path":"/Users/Tony/Documents/CodeFellows/301/data-structures-and-algorithms/arrayBinarySearch/array-binary-search.js","statementMap":{"0":{"start":{"line":3,"column":19},"end":{"line":3,"column":38}},"1":{"start":{"line":5,"column":0},"end":{"line":25,"column":1}},"2":{"start":{"line":6,"column":16},"end":{"line":6,"column":17}},"3":{"start":{"line":7,"column":14},"end":{"line":7,"column":27}},"4":{"start":{"line":8,"column":17},"end":{"line":8,"column":44}},"5":{"start":{"line":9,"column":4},"end":{"line":11,"column":5}},"6":{"start":{"line":10,"column":8},"end":{"line":10,"column":18}},"7":{"start":{"line":12,"column":4},"end":{"line":12,"column":48}},"8":{"start":{"line":12,"column":34},"end":{"line":12,"column":47}},"9":{"start":{"line":13,"column":4},"end":{"line":23,"column":5}},"10":{"start":{"line":14,"column":8},"end":{"line":20,"column":9}},"11":{"start":{"line":15,"column":12},"end":{"line":15,"column":27}},"12":{"start":{"line":16,"column":12},"end":{"line":16,"column":29}},"13":{"start":{"line":18,"column":12},"end":{"line":18,"column":29}},"14":{"start":{"line":19,"column":12},"end":{"line":19,"column":31}},"15":{"start":{"line":21,"column":8},"end":{"line":21,"column":43}},"16":{"start":{"line":22,"column":8},"end":{"line":22,"column":28}},"17":{"start":{"line":24,"column":4},"end":{"line":24,"column":18}}},"fnMap":{"0":{"name":"(anonymous_0)","decl":{"start":{"line":5,"column":22},"end":{"line":5,"column":23}},"loc":{"start":{"line":5,"column":40},"end":{"line":25,"column":1}},"line":5}},"branchMap":{"0":{"loc":{"start":{"line":9,"column":4},"end":{"line":11,"column":5}},"type":"if","locations":[{"start":{"line":9,"column":4},"end":{"line":11,"column":5}},{"start":{"line":9,"column":4},"end":{"line":11,"column":5}}],"line":9},"1":{"loc":{"start":{"line":9,"column":8},"end":{"line":9,"column":50}},"type":"binary-expr","locations":[{"start":{"line":9,"column":8},"end":{"line":9,"column":26}},{"start":{"line":9,"column":30},"end":{"line":9,"column":50}}],"line":9},"2":{"loc":{"start":{"line":12,"column":4},"end":{"line":12,"column":48}},"type":"if","locations":[{"start":{"line":12,"column":4},"end":{"line":12,"column":48}},{"start":{"line":12,"column":4},"end":{"line":12,"column":48}}],"line":12},"3":{"loc":{"start":{"line":14,"column":8},"end":{"line":20,"column":9}},"type":"if","locations":[{"start":{"line":14,"column":8},"end":{"line":20,"column":9}},{"start":{"line":14,"column":8},"end":{"line":20,"column":9}}],"line":14}},"s":{"0":1,"1":1,"2":3,"3":3,"4":3,"5":3,"6":1,"7":2,"8":1,"9":1,"10":2,"11":1,"12":1,"13":1,"14":1,"15":2,"16":2,"17":1},"f":{"0":3},"b":{"0":[1,2],"1":[3,2],"2":[1,1],"3":[1,1]},"_coverageSchema":"43e27e138ebf9cfc5966b082cf9a028302ed4184","hash":"754e7b7227963639ba5f80b5b3492c8980e14ee4"}
,"/Users/Tony/Documents/CodeFellows/301/data-structures-and-algorithms/code-challenges/arrayShift/array-shift.js": {"path":"/Users/Tony/Documents/CodeFellows/301/data-structures-and-algorithms/code-challenges/arrayShift/array-shift.js","statementMap":{"0":{"start":{"line":3,"column":25},"end":{"line":29,"column":1}},"1":{"start":{"line":5,"column":4},"end":{"line":26,"column":5}},"2":{"start":{"line":6,"column":18},"end":{"line":6,"column":28}},"3":{"start":{"line":7,"column":8},"end":{"line":17,"column":9}},"4":{"start":{"line":9,"column":12},"end":{"line":16,"column":13}},"5":{"start":{"line":10,"column":16},"end":{"line":10,"column":44}},"6":{"start":{"line":11,"column":16},"end":{"line":11,"column":36}},"7":{"start":{"line":12,"column":16},"end":{"line":12,"column":38}},"8":{"start":{"line":13,"column":16},"end":{"line":13,"column":34}},"9":{"start":{"line":14,"column":16},"end":{"line":14,"column":36}},"10":{"start":{"line":15,"column":16},"end":{"line":15,"column":38}},"11":{"start":{"line":18,"column":8},"end":{"line":18,"column":36}},"12":{"start":{"line":19,"column":11},"end":{"line":26,"column":5}},"13":{"start":{"line":20,"column":8},"end":{"line":24,"column":9}},"14":{"start":{"line":21,"column":12},"end":{"line":23,"column":13}},"15":{"start":{"line":22,"column":16},"end":{"line":22,"column":34}},"16":{"start":{"line":25,"column":8},"end":{"line":25,"column":32}},"17":{"start":{"line":28,"column":4},"end":{"line":28,"column":15}}},"fnMap":{"0":{"name":"(anonymous_0)","decl":{"start":{"line":3,"column":25},"end":{"line":3,"column":26}},"loc":{"start":{"line":3,"column":38},"end":{"line":29,"column":1}},"line":3}},"branchMap":{"0":{"loc":{"start":{"line":5,"column":4},"end":{"line":26,"column":5}},"type":"if","locations":[{"start":{"line":5,"column":4},"end":{"line":26,"column":5}},{"start":{"line":5,"column":4},"end":{"line":26,"column":5}}],"line":5},"1":{"loc":{"start":{"line":9,"column":12},"end":{"line":16,"column":13}},"type":"if","locations":[{"start":{"line":9,"column":12},"end":{"line":16,"column":13}},{"start":{"line":9,"column":12},"end":{"line":16,"column":13}}],"line":9},"2":{"loc":{"start":{"line":19,"column":11},"end":{"line":26,"column":5}},"type":"if","locations":[{"start":{"line":19,"column":11},"end":{"line":26,"column":5}},{"start":{"line":19,"column":11},"end":{"line":26,"column":5}}],"line":19},"3":{"loc":{"start":{"line":21,"column":12},"end":{"line":23,"column":13}},"type":"if","locations":[{"start":{"line":21,"column":12},"end":{"line":23,"column":13}},{"start":{"line":21,"column":12},"end":{"line":23,"column":13}}],"line":21}},"s":{"0":1,"1":0,"2":0,"3":0,"4":0,"5":0,"6":0,"7":0,"8":0,"9":0,"10":0,"11":0,"12":0,"13":0,"14":0,"15":0,"16":0,"17":0},"f":{"0":0},"b":{"0":[0,0],"1":[0,0],"2":[0,0],"3":[0,0]},"_coverageSchema":"43e27e138ebf9cfc5966b082cf9a028302ed4184","hash":"c17c2deed177b50e30315c75c2a25491301c7c71"}
}
