TN:
SF:/Users/Tony/Documents/CodeFellows/301/data-structures-and-algorithms/arrayBinarySearch/array-binary-search.js
FN:5,(anonymous_0)
FNF:1
FNH:1
FNDA:3,(anonymous_0)
DA:3,1
DA:5,1
DA:6,3
DA:7,3
DA:8,3
DA:9,3
DA:10,1
DA:12,2
DA:13,1
DA:14,2
DA:15,1
DA:16,1
DA:18,1
DA:19,1
DA:21,2
DA:22,2
DA:24,1
LF:17
LH:17
BRDA:9,0,0,1
BRDA:9,0,1,2
BRDA:9,1,0,3
BRDA:9,1,1,2
BRDA:12,2,0,1
BRDA:12,2,1,1
BRDA:14,3,0,1
BRDA:14,3,1,1
BRF:8
BRH:8
end_of_record
TN:
SF:/Users/Tony/Documents/CodeFellows/301/data-structures-and-algorithms/code-challenges/arrayShift/array-shift.js
FN:3,(anonymous_0)
FNF:1
FNH:0
FNDA:0,(anonymous_0)
DA:3,1
DA:5,0
DA:6,0
DA:7,0
DA:9,0
DA:10,0
DA:11,0
DA:12,0
DA:13,0
DA:14,0
DA:15,0
DA:18,0
DA:19,0
DA:20,0
DA:21,0
DA:22,0
DA:25,0
DA:28,0
LF:18
LH:1
BRDA:5,0,0,0
BRDA:5,0,1,0
BRDA:9,1,0,0
BRDA:9,1,1,0
BRDA:19,2,0,0
BRDA:19,2,1,0
BRDA:21,3,0,0
BRDA:21,3,1,0
BRF:8
BRH:0
end_of_record
